Using pre-set license
Built from '2022.2/china_unity/release' branch; Version is '2022.2.6f1c1 (06ef6b644a95) revision 454507'; Using compiler version '192829333'; Build Type 'Release'
OS: 'Windows 11  (10.0.22621) 64bit Enterprise' Language: 'zh' Physical Memory: 32577 MB
BatchMode: 1, IsHumanControllingUs: 0, StartBugReporterOnCrash: 0, Is64bit: 1, IsPro: 1

COMMAND LINE ARGUMENTS:
E:\2022.2.6f1c1\Editor\Unity.exe
-adb2
-batchMode
-noUpm
-name
AssetImportWorker0
-projectPath
E:/ZXM/Game/Lunas-Fantasy
-logFile
Logs/AssetImportWorker0.log
-srvPort
53928
Successfully changed project path to: E:/ZXM/Game/Lunas-Fantasy
E:/ZXM/Game/Lunas-Fantasy
[UnityMemory] Configuration Parameters - Can be set up in boot.config
    "memorysetup-bucket-allocator-granularity=16"
    "memorysetup-bucket-allocator-bucket-count=8"
    "memorysetup-bucket-allocator-block-size=33554432"
    "memorysetup-bucket-allocator-block-count=8"
    "memorysetup-main-allocator-block-size=16777216"
    "memorysetup-thread-allocator-block-size=16777216"
    "memorysetup-gfx-main-allocator-block-size=16777216"
    "memorysetup-gfx-thread-allocator-block-size=16777216"
    "memorysetup-cache-allocator-block-size=4194304"
    "memorysetup-typetree-allocator-block-size=2097152"
    "memorysetup-profiler-bucket-allocator-granularity=16"
    "memorysetup-profiler-bucket-allocator-bucket-count=8"
    "memorysetup-profiler-bucket-allocator-block-size=33554432"
    "memorysetup-profiler-bucket-allocator-block-count=8"
    "memorysetup-profiler-allocator-block-size=16777216"
    "memorysetup-profiler-editor-allocator-block-size=1048576"
    "memorysetup-temp-allocator-size-main=16777216"
    "memorysetup-job-temp-allocator-block-size=2097152"
    "memorysetup-job-temp-allocator-block-size-background=1048576"
    "memorysetup-job-temp-allocator-reduction-small-platforms=262144"
    "memorysetup-temp-allocator-size-background-worker=32768"
    "memorysetup-temp-allocator-size-job-worker=262144"
    "memorysetup-temp-allocator-size-preload-manager=33554432"
    "memorysetup-temp-allocator-size-nav-mesh-worker=65536"
    "memorysetup-temp-allocator-size-audio-worker=65536"
    "memorysetup-temp-allocator-size-cloud-worker=32768"
    "memorysetup-temp-allocator-size-gi-baking-worker=262144"
    "memorysetup-temp-allocator-size-gfx=262144"
Player connection [17356] Host "[IP] 192.168.31.71 [Port] 0 [Flags] 2 [Guid] 1676074521 [EditorId] 1676074521 [Version] 1048832 [Id] WindowsEditor(7,DESKTOP-B7FR8SN) [Debug] 1 [PackageName] WindowsEditor [ProjectName] Editor" joined multi-casting on [225.0.0.222:54997]...

Player connection [17356] Host "[IP] 192.168.31.71 [Port] 0 [Flags] 2 [Guid] 1676074521 [EditorId] 1676074521 [Version] 1048832 [Id] WindowsEditor(7,DESKTOP-B7FR8SN) [Debug] 1 [PackageName] WindowsEditor [ProjectName] Editor" joined alternative multi-casting on [225.0.0.222:34997]...

Refreshing native plugins compatible for Editor in 8.75 ms, found 3 plugins.
Preloading 0 native plugins for Editor in 0.00 ms.
Initialize engine version: 2022.2.6f1c1 (06ef6b644a95)
[Subsystems] Discovering subsystems at path E:/2022.2.6f1c1/Editor/Data/Resources/UnitySubsystems
[Subsystems] Discovering subsystems at path E:/ZXM/Game/Lunas-Fantasy/Assets
GfxDevice: creating device client; threaded=0; jobified=0
Direct3D:
    Version:  Direct3D 11.0 [level 11.1]
    Renderer: NVIDIA GeForce RTX 4060 Ti (ID=0x2803)
    Vendor:   NVIDIA
    VRAM:     7963 MB
    Driver:   31.0.15.3742
Initialize mono
Mono path[0] = 'E:/2022.2.6f1c1/Editor/Data/Managed'
Mono path[1] = 'E:/2022.2.6f1c1/Editor/Data/MonoBleedingEdge/lib/mono/unityjit-win32'
Mono config path = 'E:/2022.2.6f1c1/Editor/Data/MonoBleedingEdge/etc'
Using monoOptions --debugger-agent=transport=dt_socket,embedding=1,server=y,suspend=n,address=127.0.0.1:56280
Begin MonoManager ReloadAssembly
Registering precompiled unity dll's ...
Register platform support module: E:/2022.2.6f1c1/Editor/Data/PlaybackEngines/WindowsStandaloneSupport/UnityEditor.WindowsStandalone.Extensions.dll
Registered in 0.003392 seconds.
- Loaded All Assemblies, in  0.238 seconds
Native extension for WindowsStandalone target not found
Mono: successfully reloaded assembly
- Finished resetting the current domain, in  0.202 seconds
Domain Reload Profiling:
	ReloadAssembly (139ms)
		BeginReloadAssembly (57ms)
			ExecutionOrderSort (0ms)
			DisableScriptedObjects (0ms)
			BackupInstance (0ms)
			ReleaseScriptingObjects (0ms)
			CreateAndSetChildDomain (1ms)
		LoadAllAssembliesAndSetupDomain (0ms)
			LoadAssemblies (55ms)
			RebuildTransferFunctionScriptingTraits (0ms)
			SetupTypeCache (93ms)
				TypeCache.Initialize (93ms)
					TypeCache.ScanAssembly (91ms)
				ResolveRequiredComponents (0ms)
		FinalizeReload (0ms)
			ReleaseScriptCaches (0ms)
			RebuildScriptCaches (0ms)
			SetupLoadedEditorAssemblies (157ms)
				LogAssemblyErrors (0ms)
				InitializePlatformSupportModulesInManaged (5ms)
				SetLoadedEditorAssemblies (6ms)
				RefreshPlugins (0ms)
				BeforeProcessingInitializeOnLoad (1ms)
				ProcessInitializeOnLoadAttributes (107ms)
				ProcessInitializeOnLoadMethodAttributes (37ms)
				AfterProcessingInitializeOnLoad (0ms)
				EditorAssembliesLoaded (0ms)
			ExecutionOrderSort2 (0ms)
			AwakeInstancesAfterBackupRestoration (0ms)
========================================================================
Worker process is ready to serve import requests
Begin MonoManager ReloadAssembly
Symbol file LoadedFromMemory doesn't match image E:\ZXM\Game\Lunas-Fantasy\Library\PackageCache\com.unity.visualscripting@1.8.0\Editor\VisualScripting.Core\Dependencies\YamlDotNet\Unity.VisualScripting.YamlDotNet.dll
Symbol file LoadedFromMemory doesn't match image E:\ZXM\Game\Lunas-Fantasy\Library\PackageCache\com.unity.visualscripting@1.8.0\Editor\VisualScripting.Core\Dependencies\DotNetZip\Unity.VisualScripting.IonicZip.dll
- Loaded All Assemblies, in  0.748 seconds
Refreshing native plugins compatible for Editor in 1.91 ms, found 3 plugins.
Native extension for WindowsStandalone target not found
Mono: successfully reloaded assembly
- Finished resetting the current domain, in  0.397 seconds
Domain Reload Profiling:
	ReloadAssembly (168ms)
		BeginReloadAssembly (94ms)
			ExecutionOrderSort (0ms)
			DisableScriptedObjects (5ms)
			BackupInstance (0ms)
			ReleaseScriptingObjects (0ms)
			CreateAndSetChildDomain (17ms)
		LoadAllAssembliesAndSetupDomain (579ms)
			LoadAssemblies (178ms)
			RebuildTransferFunctionScriptingTraits (0ms)
			SetupTypeCache (438ms)
				TypeCache.Initialize (259ms)
					TypeCache.ScanAssembly (256ms)
				ResolveRequiredComponents (3ms)
		FinalizeReload (0ms)
			ReleaseScriptCaches (0ms)
			RebuildScriptCaches (0ms)
			SetupLoadedEditorAssemblies (266ms)
				LogAssemblyErrors (0ms)
				InitializePlatformSupportModulesInManaged (3ms)
				SetLoadedEditorAssemblies (3ms)
				RefreshPlugins (0ms)
				BeforeProcessingInitializeOnLoad (45ms)
				ProcessInitializeOnLoadAttributes (196ms)
				ProcessInitializeOnLoadMethodAttributes (15ms)
				AfterProcessingInitializeOnLoad (3ms)
				EditorAssembliesLoaded (0ms)
			ExecutionOrderSort2 (0ms)
			AwakeInstancesAfterBackupRestoration (6ms)
Launched and connected shader compiler UnityShaderCompiler.exe after 0.04 seconds
Refreshing native plugins compatible for Editor in 1.98 ms, found 3 plugins.
Preloading 0 native plugins for Editor in 0.00 ms.
Unloading 3066 Unused Serialized files (Serialized files now loaded: 0)
Unloading 23 unused Assets / (66.3 KB). Loaded Objects now: 3530.
Memory consumption went from 478.9 MB to 478.8 MB.
Total: 2.497900 ms (FindLiveObjects: 0.198100 ms CreateObjectMapping: 0.099200 ms MarkObjects: 2.093000 ms  DeleteObjects: 0.106100 ms)

AssetImportParameters requested are different than current active one (requested -> active):
  custom:container-demuxer-ogg: 62fdf1f143b41e24485cea50d1cbac27 -> 
  custom:video-codec-MediaFoundation-h265: 746d11721c4dcdbdad8f713fa42b33f4 -> 
  custom:video-decoder-ogg-theora: a1e56fd34408186e4bbccfd4996cb3dc -> 
  custom:framework-win-MediaFoundation: 216162199b28c13a410421893ffa2e32 -> 
  custom:container-demuxer-webm: 4f35f7cbe854078d1ac9338744f61a02 -> 
  custom:container-muxer-webm: aa71ff27fc2769a1b78a27578f13a17b -> 
  custom:video-decoder-webm-vp8: 9c59270c3fd7afecdb556c50c9e8de78 -> 
  custom:AudioImporter_EditorPlatform: d09bf68614088b80899f8185d706f6e7 -> 
  custom:video-encoder-webm-vp8: eb34c28f22e8b96e1ab97ce403110664 -> 
  custom:audio-decoder-ogg-vorbis: bf7c407c2cedff20999df2af8eb42d56 -> 
  custom:audio-encoder-webm-vorbis: bf7c407c2cedff20999df2af8eb42d56 -> 
========================================================================
Received Import Request.
  Time since last request: 2968.505846 seconds.
  path: Assets/GameResources/UI/Grid.png
  artifactKey: Guid(b09227592e50641499dfa7956f77295c) Importer(815301076,1909f56bfc062723c751e8b465ee728b)
Start importing Assets/GameResources/UI/Grid.png using Guid(b09227592e50641499dfa7956f77295c) Importer(815301076,1909f56bfc062723c751e8b465ee728b)  -> (artifact id: '89540ff033c35293428b6c31642e9b3a') in 0.073342 seconds 
Number of updated asset objects reloaded before import = 0
Number of asset objects unloaded after import = 3
========================================================================
Received Import Request.
  Time since last request: 0.000023 seconds.
  path: Assets/GameResources/UI/HeadGrid.png
  artifactKey: Guid(766d6e2565a311e49b638f296d15cedf) Importer(815301076,1909f56bfc062723c751e8b465ee728b)
Start importing Assets/GameResources/UI/HeadGrid.png using Guid(766d6e2565a311e49b638f296d15cedf) Importer(815301076,1909f56bfc062723c751e8b465ee728b)  -> (artifact id: '3fad0712e4353c8a40dba26e211240ab') in 0.014124 seconds 
Number of updated asset objects reloaded before import = 0
Number of asset objects unloaded after import = 3
========================================================================
Received Import Request.
  Time since last request: 0.000016 seconds.
  path: Assets/GameResources/Audioclips/MonsterHit.wav
  artifactKey: Guid(a04a79783c4c5514786d088e302837c4) Importer(815301076,1909f56bfc062723c751e8b465ee728b)
Start importing Assets/GameResources/Audioclips/MonsterHit.wav using Guid(a04a79783c4c5514786d088e302837c4) Importer(815301076,1909f56bfc062723c751e8b465ee728b)  -> (artifact id: '31bb9181b5a59d30f9dc10e262a2b56e') in 0.036808 seconds 
Number of updated asset objects reloaded before import = 0
Number of asset objects unloaded after import = 2
========================================================================
Received Import Request.
  Time since last request: 0.000025 seconds.
  path: Assets/GameResources/UI/Head.png
  artifactKey: Guid(2410d74f63711a646bfbc47e223c28b2) Importer(815301076,1909f56bfc062723c751e8b465ee728b)
Start importing Assets/GameResources/UI/Head.png using Guid(2410d74f63711a646bfbc47e223c28b2) Importer(815301076,1909f56bfc062723c751e8b465ee728b)  -> (artifact id: '545398a92d4557f48942789ac3be75ff') in 0.016979 seconds 
Number of updated asset objects reloaded before import = 0
Number of asset objects unloaded after import = 3
========================================================================
Received Import Request.
  Time since last request: 0.000023 seconds.
  path: Assets/GameResources/UI/_DF_TitleScreen.png
  artifactKey: Guid(ab5b0b18ccb84854a82f38e711e521d9) Importer(815301076,1909f56bfc062723c751e8b465ee728b)
Start importing Assets/GameResources/UI/_DF_TitleScreen.png using Guid(ab5b0b18ccb84854a82f38e711e521d9) Importer(815301076,1909f56bfc062723c751e8b465ee728b)  -> (artifact id: '84088fffc7c49dba82169195db25bbc9') in 0.015368 seconds 
Number of updated asset objects reloaded before import = 0
Number of asset objects unloaded after import = 3
========================================================================
Received Import Request.
  Time since last request: 0.000017 seconds.
  path: Assets/GameResources/Others/mplus-1m-regular.ttf
  artifactKey: Guid(f2fc4ac1b4d5b924d843e267c9e31151) Importer(815301076,1909f56bfc062723c751e8b465ee728b)
Start importing Assets/GameResources/Others/mplus-1m-regular.ttf using Guid(f2fc4ac1b4d5b924d843e267c9e31151) Importer(815301076,1909f56bfc062723c751e8b465ee728b)  -> (artifact id: '508f55e47a8f8d70685fd976512c3d13') in 0.036817 seconds 
Number of updated asset objects reloaded before import = 0
Number of asset objects unloaded after import = 4
========================================================================
Received Import Request.
  Time since last request: 0.000016 seconds.
  path: Assets/GameResources/Audioclips/Footstep-low.wav
  artifactKey: Guid(67df06b2be3e5034fad1c5f454da6a72) Importer(815301076,1909f56bfc062723c751e8b465ee728b)
Start importing Assets/GameResources/Audioclips/Footstep-low.wav using Guid(67df06b2be3e5034fad1c5f454da6a72) Importer(815301076,1909f56bfc062723c751e8b465ee728b)  -> (artifact id: 'c1a1e1ed5c6e55b4a8ac9bddb23aa624') in 0.010213 seconds 
Number of updated asset objects reloaded before import = 0
Number of asset objects unloaded after import = 2
========================================================================
Received Import Request.
  Time since last request: 0.000017 seconds.
  path: Assets/GameResources/UI/Defend.png
  artifactKey: Guid(8faf870f53830b347be8e066966ce93e) Importer(815301076,1909f56bfc062723c751e8b465ee728b)
Start importing Assets/GameResources/UI/Defend.png using Guid(8faf870f53830b347be8e066966ce93e) Importer(815301076,1909f56bfc062723c751e8b465ee728b)  -> (artifact id: '474696e23f117ad468a28952bfccd42e') in 0.013439 seconds 
Number of updated asset objects reloaded before import = 0
Number of asset objects unloaded after import = 3
========================================================================
Received Import Request.
  Time since last request: 0.000020 seconds.
  path: Assets/GameResources/UI/ColorCard.png
  artifactKey: Guid(58caf86dd9fcd25429a8cd2851c1bc88) Importer(815301076,1909f56bfc062723c751e8b465ee728b)
Start importing Assets/GameResources/UI/ColorCard.png using Guid(58caf86dd9fcd25429a8cd2851c1bc88) Importer(815301076,1909f56bfc062723c751e8b465ee728b)  -> (artifact id: 'e1f4429289cb19456d8f179eced912c6') in 0.012801 seconds 
Number of updated asset objects reloaded before import = 0
Number of asset objects unloaded after import = 3
========================================================================
Received Import Request.
  Time since last request: 0.000020 seconds.
  path: Assets/GameResources/UI/TalkBG.png
  artifactKey: Guid(5ff4868861141a743a8191dbf8521c17) Importer(815301076,1909f56bfc062723c751e8b465ee728b)
Start importing Assets/GameResources/UI/TalkBG.png using Guid(5ff4868861141a743a8191dbf8521c17) Importer(815301076,1909f56bfc062723c751e8b465ee728b)  -> (artifact id: 'a9d7c490ea9451e344908d9c5b1b1df3') in 0.012254 seconds 
Number of updated asset objects reloaded before import = 0
Number of asset objects unloaded after import = 3
========================================================================
Received Import Request.
  Time since last request: 0.000020 seconds.
  path: Assets/GameResources/Audioclips/LunaDie.mp3
  artifactKey: Guid(07da77de97e44584e817dc8353c5e8a5) Importer(815301076,1909f56bfc062723c751e8b465ee728b)
Start importing Assets/GameResources/Audioclips/LunaDie.mp3 using Guid(07da77de97e44584e817dc8353c5e8a5) Importer(815301076,1909f56bfc062723c751e8b465ee728b)  -> (artifact id: '51aee0a81d046fcf618baae78653a982') in 0.010133 seconds 
Number of updated asset objects reloaded before import = 0
Number of asset objects unloaded after import = 2
========================================================================
Received Import Request.
  Time since last request: 0.000017 seconds.
  path: Assets/GameResources/UI/Escape.png
  artifactKey: Guid(fed9d32492813a14f9d59db3ffebc88e) Importer(815301076,1909f56bfc062723c751e8b465ee728b)
Start importing Assets/GameResources/UI/Escape.png using Guid(fed9d32492813a14f9d59db3ffebc88e) Importer(815301076,1909f56bfc062723c751e8b465ee728b)  -> (artifact id: '83ac0ebd38bb935b3acb464104350d0e') in 0.012581 seconds 
Number of updated asset objects reloaded before import = 0
Number of asset objects unloaded after import = 3
========================================================================
Received Import Request.
  Time since last request: 0.000016 seconds.
  path: Assets/GameResources/Audioclips/LunaHit.mp3
  artifactKey: Guid(8f015c15f34b90c4d87c09e84a5dfac6) Importer(815301076,1909f56bfc062723c751e8b465ee728b)
Start importing Assets/GameResources/Audioclips/LunaHit.mp3 using Guid(8f015c15f34b90c4d87c09e84a5dfac6) Importer(815301076,1909f56bfc062723c751e8b465ee728b)  -> (artifact id: '5fe76810570b5e00e7ed4fc1ab722f89') in 0.009915 seconds 
Number of updated asset objects reloaded before import = 0
Number of asset objects unloaded after import = 2
========================================================================
Received Import Request.
  Time since last request: 0.000021 seconds.
  path: Assets/GameResources/Audioclips/AttackSound.mp3
  artifactKey: Guid(dda2e835ee12b804aa83a85b1465b72f) Importer(815301076,1909f56bfc062723c751e8b465ee728b)
Start importing Assets/GameResources/Audioclips/AttackSound.mp3 using Guid(dda2e835ee12b804aa83a85b1465b72f) Importer(815301076,1909f56bfc062723c751e8b465ee728b)  -> (artifact id: '68487148fadf6fb4ba39419c950763f9') in 0.009359 seconds 
Number of updated asset objects reloaded before import = 0
Number of asset objects unloaded after import = 2
