Using pre-set license
Built from '2022.2/china_unity/release' branch; Version is '2022.2.6f1c1 (06ef6b644a95) revision 454507'; Using compiler version '192829333'; Build Type 'Release'
OS: 'Windows 11  (10.0.22621) 64bit Enterprise' Language: 'zh' Physical Memory: 32577 MB
BatchMode: 1, IsHumanControllingUs: 0, StartBugReporterOnCrash: 0, Is64bit: 1, IsPro: 1

COMMAND LINE ARGUMENTS:
E:\2022.2.6f1c1\Editor\Unity.exe
-adb2
-batchMode
-noUpm
-name
AssetImportWorker1
-projectPath
E:/ZXM/Game/Lunas-Fantasy
-logFile
Logs/AssetImportWorker1.log
-srvPort
53928
Successfully changed project path to: E:/ZXM/Game/Lunas-Fantasy
E:/ZXM/Game/Lunas-Fantasy
[UnityMemory] Configuration Parameters - Can be set up in boot.config
    "memorysetup-bucket-allocator-granularity=16"
    "memorysetup-bucket-allocator-bucket-count=8"
    "memorysetup-bucket-allocator-block-size=33554432"
    "memorysetup-bucket-allocator-block-count=8"
    "memorysetup-main-allocator-block-size=16777216"
    "memorysetup-thread-allocator-block-size=16777216"
    "memorysetup-gfx-main-allocator-block-size=16777216"
    "memorysetup-gfx-thread-allocator-block-size=16777216"
    "memorysetup-cache-allocator-block-size=4194304"
    "memorysetup-typetree-allocator-block-size=2097152"
    "memorysetup-profiler-bucket-allocator-granularity=16"
    "memorysetup-profiler-bucket-allocator-bucket-count=8"
    "memorysetup-profiler-bucket-allocator-block-size=33554432"
    "memorysetup-profiler-bucket-allocator-block-count=8"
    "memorysetup-profiler-allocator-block-size=16777216"
    "memorysetup-profiler-editor-allocator-block-size=1048576"
    "memorysetup-temp-allocator-size-main=16777216"
    "memorysetup-job-temp-allocator-block-size=2097152"
    "memorysetup-job-temp-allocator-block-size-background=1048576"
    "memorysetup-job-temp-allocator-reduction-small-platforms=262144"
    "memorysetup-temp-allocator-size-background-worker=32768"
    "memorysetup-temp-allocator-size-job-worker=262144"
    "memorysetup-temp-allocator-size-preload-manager=33554432"
    "memorysetup-temp-allocator-size-nav-mesh-worker=65536"
    "memorysetup-temp-allocator-size-audio-worker=65536"
    "memorysetup-temp-allocator-size-cloud-worker=32768"
    "memorysetup-temp-allocator-size-gi-baking-worker=262144"
    "memorysetup-temp-allocator-size-gfx=262144"
Player connection [23476] Host "[IP] 192.168.31.71 [Port] 0 [Flags] 2 [Guid] 858073468 [EditorId] 858073468 [Version] 1048832 [Id] WindowsEditor(7,DESKTOP-B7FR8SN) [Debug] 1 [PackageName] WindowsEditor [ProjectName] Editor" joined multi-casting on [225.0.0.222:54997]...

Player connection [23476] Host "[IP] 192.168.31.71 [Port] 0 [Flags] 2 [Guid] 858073468 [EditorId] 858073468 [Version] 1048832 [Id] WindowsEditor(7,DESKTOP-B7FR8SN) [Debug] 1 [PackageName] WindowsEditor [ProjectName] Editor" joined alternative multi-casting on [225.0.0.222:34997]...

Refreshing native plugins compatible for Editor in 8.67 ms, found 3 plugins.
Preloading 0 native plugins for Editor in 0.00 ms.
Initialize engine version: 2022.2.6f1c1 (06ef6b644a95)
[Subsystems] Discovering subsystems at path E:/2022.2.6f1c1/Editor/Data/Resources/UnitySubsystems
[Subsystems] Discovering subsystems at path E:/ZXM/Game/Lunas-Fantasy/Assets
GfxDevice: creating device client; threaded=0; jobified=0
Direct3D:
    Version:  Direct3D 11.0 [level 11.1]
    Renderer: NVIDIA GeForce RTX 4060 Ti (ID=0x2803)
    Vendor:   NVIDIA
    VRAM:     7963 MB
    Driver:   31.0.15.3742
Initialize mono
Mono path[0] = 'E:/2022.2.6f1c1/Editor/Data/Managed'
Mono path[1] = 'E:/2022.2.6f1c1/Editor/Data/MonoBleedingEdge/lib/mono/unityjit-win32'
Mono config path = 'E:/2022.2.6f1c1/Editor/Data/MonoBleedingEdge/etc'
Using monoOptions --debugger-agent=transport=dt_socket,embedding=1,server=y,suspend=n,address=127.0.0.1:56308
Begin MonoManager ReloadAssembly
Registering precompiled unity dll's ...
Register platform support module: E:/2022.2.6f1c1/Editor/Data/PlaybackEngines/WindowsStandaloneSupport/UnityEditor.WindowsStandalone.Extensions.dll
Registered in 0.003844 seconds.
- Loaded All Assemblies, in  0.254 seconds
Native extension for WindowsStandalone target not found
Mono: successfully reloaded assembly
- Finished resetting the current domain, in  0.210 seconds
Domain Reload Profiling:
	ReloadAssembly (148ms)
		BeginReloadAssembly (59ms)
			ExecutionOrderSort (0ms)
			DisableScriptedObjects (0ms)
			BackupInstance (0ms)
			ReleaseScriptingObjects (0ms)
			CreateAndSetChildDomain (1ms)
		LoadAllAssembliesAndSetupDomain (0ms)
			LoadAssemblies (56ms)
			RebuildTransferFunctionScriptingTraits (0ms)
			SetupTypeCache (99ms)
				TypeCache.Initialize (99ms)
					TypeCache.ScanAssembly (98ms)
				ResolveRequiredComponents (0ms)
		FinalizeReload (0ms)
			ReleaseScriptCaches (0ms)
			RebuildScriptCaches (0ms)
			SetupLoadedEditorAssemblies (165ms)
				LogAssemblyErrors (0ms)
				InitializePlatformSupportModulesInManaged (6ms)
				SetLoadedEditorAssemblies (6ms)
				RefreshPlugins (0ms)
				BeforeProcessingInitializeOnLoad (1ms)
				ProcessInitializeOnLoadAttributes (111ms)
				ProcessInitializeOnLoadMethodAttributes (41ms)
				AfterProcessingInitializeOnLoad (0ms)
				EditorAssembliesLoaded (0ms)
			ExecutionOrderSort2 (0ms)
			AwakeInstancesAfterBackupRestoration (0ms)
========================================================================
Worker process is ready to serve import requests
Begin MonoManager ReloadAssembly
Symbol file LoadedFromMemory doesn't match image E:\ZXM\Game\Lunas-Fantasy\Library\PackageCache\com.unity.visualscripting@1.8.0\Editor\VisualScripting.Core\Dependencies\YamlDotNet\Unity.VisualScripting.YamlDotNet.dll
Symbol file LoadedFromMemory doesn't match image E:\ZXM\Game\Lunas-Fantasy\Library\PackageCache\com.unity.visualscripting@1.8.0\Editor\VisualScripting.Core\Dependencies\DotNetZip\Unity.VisualScripting.IonicZip.dll
- Loaded All Assemblies, in  0.774 seconds
Refreshing native plugins compatible for Editor in 2.26 ms, found 3 plugins.
Native extension for WindowsStandalone target not found
Mono: successfully reloaded assembly
- Finished resetting the current domain, in  0.406 seconds
Domain Reload Profiling:
	ReloadAssembly (167ms)
		BeginReloadAssembly (92ms)
			ExecutionOrderSort (0ms)
			DisableScriptedObjects (6ms)
			BackupInstance (0ms)
			ReleaseScriptingObjects (0ms)
			CreateAndSetChildDomain (19ms)
		LoadAllAssembliesAndSetupDomain (606ms)
			LoadAssemblies (182ms)
			RebuildTransferFunctionScriptingTraits (0ms)
			SetupTypeCache (458ms)
				TypeCache.Initialize (273ms)
					TypeCache.ScanAssembly (270ms)
				ResolveRequiredComponents (3ms)
		FinalizeReload (0ms)
			ReleaseScriptCaches (0ms)
			RebuildScriptCaches (0ms)
			SetupLoadedEditorAssemblies (279ms)
				LogAssemblyErrors (0ms)
				InitializePlatformSupportModulesInManaged (4ms)
				SetLoadedEditorAssemblies (4ms)
				RefreshPlugins (0ms)
				BeforeProcessingInitializeOnLoad (43ms)
				ProcessInitializeOnLoadAttributes (205ms)
				ProcessInitializeOnLoadMethodAttributes (19ms)
				AfterProcessingInitializeOnLoad (4ms)
				EditorAssembliesLoaded (0ms)
			ExecutionOrderSort2 (0ms)
			AwakeInstancesAfterBackupRestoration (7ms)
Launched and connected shader compiler UnityShaderCompiler.exe after 0.03 seconds
Refreshing native plugins compatible for Editor in 2.15 ms, found 3 plugins.
Preloading 0 native plugins for Editor in 0.00 ms.
Unloading 3066 Unused Serialized files (Serialized files now loaded: 0)
Unloading 23 unused Assets / (66.3 KB). Loaded Objects now: 3530.
Memory consumption went from 478.9 MB to 478.8 MB.
Total: 2.345700 ms (FindLiveObjects: 0.265500 ms CreateObjectMapping: 0.102000 ms MarkObjects: 1.894700 ms  DeleteObjects: 0.082000 ms)

AssetImportParameters requested are different than current active one (requested -> active):
  custom:container-demuxer-ogg: 62fdf1f143b41e24485cea50d1cbac27 -> 
  custom:video-codec-MediaFoundation-h265: 746d11721c4dcdbdad8f713fa42b33f4 -> 
  custom:video-decoder-ogg-theora: a1e56fd34408186e4bbccfd4996cb3dc -> 
  custom:framework-win-MediaFoundation: 216162199b28c13a410421893ffa2e32 -> 
  custom:container-demuxer-webm: 4f35f7cbe854078d1ac9338744f61a02 -> 
  custom:container-muxer-webm: aa71ff27fc2769a1b78a27578f13a17b -> 
  custom:video-decoder-webm-vp8: 9c59270c3fd7afecdb556c50c9e8de78 -> 
  custom:AudioImporter_EditorPlatform: d09bf68614088b80899f8185d706f6e7 -> 
  custom:video-encoder-webm-vp8: eb34c28f22e8b96e1ab97ce403110664 -> 
  custom:audio-decoder-ogg-vorbis: bf7c407c2cedff20999df2af8eb42d56 -> 
  custom:audio-encoder-webm-vorbis: bf7c407c2cedff20999df2af8eb42d56 -> 
========================================================================
Received Import Request.
  Time since last request: 2968.555123 seconds.
  path: Assets/GameResources/Audioclips/FinishTask.mp3
  artifactKey: Guid(2e32ae780158fba45b20c7b73f7fedd8) Importer(815301076,1909f56bfc062723c751e8b465ee728b)
Start importing Assets/GameResources/Audioclips/FinishTask.mp3 using Guid(2e32ae780158fba45b20c7b73f7fedd8) Importer(815301076,1909f56bfc062723c751e8b465ee728b)  -> (artifact id: '33c43bdc940284bd064bd66ae025b1de') in 0.090881 seconds 
Number of updated asset objects reloaded before import = 0
Number of asset objects unloaded after import = 2
========================================================================
Received Import Request.
  Time since last request: 0.000037 seconds.
  path: Assets/GameResources/UI/Skill.png
  artifactKey: Guid(3fe1ac03f999c9046b970df358d81d7d) Importer(815301076,1909f56bfc062723c751e8b465ee728b)
Start importing Assets/GameResources/UI/Skill.png using Guid(3fe1ac03f999c9046b970df358d81d7d) Importer(815301076,1909f56bfc062723c751e8b465ee728b)  -> (artifact id: 'df28476194add4b4c99bc28d052d08ce') in 0.032787 seconds 
Number of updated asset objects reloaded before import = 0
Number of asset objects unloaded after import = 3
========================================================================
Received Import Request.
  Time since last request: 0.000015 seconds.
  path: Assets/GameResources/UI/JoyStick.png
  artifactKey: Guid(7b9538cef1ced034391eed8dcb05eab6) Importer(815301076,1909f56bfc062723c751e8b465ee728b)
Start importing Assets/GameResources/UI/JoyStick.png using Guid(7b9538cef1ced034391eed8dcb05eab6) Importer(815301076,1909f56bfc062723c751e8b465ee728b)  -> (artifact id: '2947519fbe2ed75226a641f5058ef1d4') in 0.014301 seconds 
Number of updated asset objects reloaded before import = 0
Number of asset objects unloaded after import = 3
========================================================================
Received Import Request.
  Time since last request: 0.000021 seconds.
  path: Assets/GameResources/UI/HPMask.png
  artifactKey: Guid(cd86525b9aadf1b4cbdeb3a93ba2a7cb) Importer(815301076,1909f56bfc062723c751e8b465ee728b)
Start importing Assets/GameResources/UI/HPMask.png using Guid(cd86525b9aadf1b4cbdeb3a93ba2a7cb) Importer(815301076,1909f56bfc062723c751e8b465ee728b)  -> (artifact id: '32f4af8cfa2f2572e76587e0f0398a6b') in 0.013755 seconds 
Number of updated asset objects reloaded before import = 0
Number of asset objects unloaded after import = 3
========================================================================
Received Import Request.
  Time since last request: 0.000019 seconds.
  path: Assets/GameResources/UI/AttackIcon.png
  artifactKey: Guid(5dfaddf2ee968284584f91dc480bdf30) Importer(815301076,1909f56bfc062723c751e8b465ee728b)
Start importing Assets/GameResources/UI/AttackIcon.png using Guid(5dfaddf2ee968284584f91dc480bdf30) Importer(815301076,1909f56bfc062723c751e8b465ee728b)  -> (artifact id: '20eabf83befdc95a2c912c9108108888') in 0.013212 seconds 
Number of updated asset objects reloaded before import = 0
Number of asset objects unloaded after import = 3
========================================================================
Received Import Request.
  Time since last request: 0.000015 seconds.
  path: Assets/GameResources/UI/RecoverHP.png
  artifactKey: Guid(7feabf2d1641a8d4b8c5d9ef9091c3ec) Importer(815301076,1909f56bfc062723c751e8b465ee728b)
Start importing Assets/GameResources/UI/RecoverHP.png using Guid(7feabf2d1641a8d4b8c5d9ef9091c3ec) Importer(815301076,1909f56bfc062723c751e8b465ee728b)  -> (artifact id: '5dbd9d8f106d021d56b45ae3492d3643') in 0.011995 seconds 
Number of updated asset objects reloaded before import = 0
Number of asset objects unloaded after import = 3
========================================================================
Received Import Request.
  Time since last request: 0.000018 seconds.
  path: Assets/GameResources/Audioclips/Normal.mp3
  artifactKey: Guid(c8694a9eec480e548b0135e199bcaa85) Importer(815301076,1909f56bfc062723c751e8b465ee728b)
Start importing Assets/GameResources/Audioclips/Normal.mp3 using Guid(c8694a9eec480e548b0135e199bcaa85) Importer(815301076,1909f56bfc062723c751e8b465ee728b)  -> (artifact id: 'e3c263083c37675af9355531bf5d3672') in 0.011421 seconds 
Number of updated asset objects reloaded before import = 0
Number of asset objects unloaded after import = 2
========================================================================
Received Import Request.
  Time since last request: 0.000019 seconds.
  path: Assets/GameResources/Audioclips/RecoverHPSound.mp3
  artifactKey: Guid(7d96f20b5534ba649b05cdd763207eac) Importer(815301076,1909f56bfc062723c751e8b465ee728b)
Start importing Assets/GameResources/Audioclips/RecoverHPSound.mp3 using Guid(7d96f20b5534ba649b05cdd763207eac) Importer(815301076,1909f56bfc062723c751e8b465ee728b)  -> (artifact id: '5ace0c1e7ede51288930183ad19b57d9') in 0.010968 seconds 
Number of updated asset objects reloaded before import = 0
Number of asset objects unloaded after import = 2
========================================================================
Received Import Request.
  Time since last request: 0.000015 seconds.
  path: Assets/GameResources/Audioclips/LunaAttack.mp3
  artifactKey: Guid(16f1f05cdc2f61e4080e286572c7d6a5) Importer(815301076,1909f56bfc062723c751e8b465ee728b)
Start importing Assets/GameResources/Audioclips/LunaAttack.mp3 using Guid(16f1f05cdc2f61e4080e286572c7d6a5) Importer(815301076,1909f56bfc062723c751e8b465ee728b)  -> (artifact id: '93e1d4667b6a61d59f45be7b7a45f272') in 0.009327 seconds 
Number of updated asset objects reloaded before import = 0
Number of asset objects unloaded after import = 2
========================================================================
Received Import Request.
  Time since last request: 0.000017 seconds.
  path: Assets/GameResources/Audioclips/Battle.mp3
  artifactKey: Guid(9126c86588c3ec24a9bc3525ff1373a4) Importer(815301076,1909f56bfc062723c751e8b465ee728b)
Start importing Assets/GameResources/Audioclips/Battle.mp3 using Guid(9126c86588c3ec24a9bc3525ff1373a4) Importer(815301076,1909f56bfc062723c751e8b465ee728b)  -> (artifact id: 'c251bd102b6dedd9d7dc05607aa7fc54') in 0.010192 seconds 
Number of updated asset objects reloaded before import = 0
Number of asset objects unloaded after import = 2
========================================================================
Received Import Request.
  Time since last request: 0.000132 seconds.
  path: Assets/GameResources/Audioclips/SkillSound.mp3
  artifactKey: Guid(0aab35b15bd2c8846b4a8701a55d8d07) Importer(815301076,1909f56bfc062723c751e8b465ee728b)
Start importing Assets/GameResources/Audioclips/SkillSound.mp3 using Guid(0aab35b15bd2c8846b4a8701a55d8d07) Importer(815301076,1909f56bfc062723c751e8b465ee728b)  -> (artifact id: 'abcf68d7e6a8e3223184e3ab0a1c6a89') in 0.009407 seconds 
Number of updated asset objects reloaded before import = 0
Number of asset objects unloaded after import = 2
